<?xml version="1.0" encoding="UTF-8"?>
<!-- Generated by org.testng.reporters.JUnitReportReporter -->
<testsuite hostname="DESKTOP-BRFBEAG" failures="0" tests="10" name="Flipkart" time="16.571" errors="0" timestamp="2021-03-28T18:19:08 EDT" skipped="0">
  <testcase classname="Flipkart" name="check" time="0.282"/>
  <system-out/>
  <testcase classname="Flipkart" name="electronics" time="0.343"/>
  <system-out/>
  <testcase classname="Flipkart" name="mi" time="0.555"/>
  <system-out/>
  <testcase classname="Flipkart" name="mitext" time="1.347"/>
  <system-out/>
  <testcase classname="Flipkart" name="down" time="0.694"/>
  <system-out/>
  <testcase classname="Flipkart" name="video" time="7.436"/>
  <system-out/>
  <testcase classname="Flipkart" name="sendkey" time="5.271"/>
  <system-out/>
  <testcase classname="Flipkart" name="VerifyDeliveryVisibility" time="0.311"/>
  <system-out/>
  <testcase classname="Flipkart" name="ClickOnViewDetailLink" time="0.233"/>
  <system-out/>
  <testcase classname="Flipkart" name="clickOnAddAoCart" time="0.099"/>
  <system-out/>
</testsuite> <!-- Flipkart -->
